Reading file C:\Program Files (x86)\Microsoft Games\Fable - The Lost Chapters\data\levels\FinalAlbion\Bordello.lev
HeaderSize: 25
Version: 6404
Pad: 0, 0, 0
Reserved1: 3087007744
ObsOffset: 205831
Reserved2: 2483574288
NavOffset: 239632
MapHeaderSize: 34
MapVersion: 8
MapPad: 1, 0, 9
UsedID Lo, Hi: 6874, 0
MapSize: 96x64
Boolean: 1
Version: 3
CellsOffset: 69202
AfterCellsOffset: 201607
UnknownDataSize: 38025
Reading navigation data...
NumNavSections: 2
 [0] Name: NULL
SectionOffset[0] = 239672
Section FileSize: 301171
Section Version: 8
Section Size: 96x64
Section NumLevels: 2
NumInteractives: 43
NumSubsets: 2
NumNavNodes: 1611
SectionDataSize[0] = 61495
 [1] Name: V_DemonDoors
SectionOffset[1] = 301171
Section FileSize: 364650
Section Version: 8
Section Size: 96x64
Section NumLevels: 5
NumInteractives: 43
NumSubsets: 2
NumNavNodes: 1655
SectionDataSize[1] = 63475
