Reading file D:\Program Files (x86)\Steam\steamapps\common\Fable The Lost Chapters\data\levels\FinalAlbion\StartOakValeEast.lev
HeaderSize: 25
Version: 6404
Pad: 0, 0, 0
Reserved1: 3623878656
ObsOffset: 340033
Reserved2: 2819951751
NavOffset: 373834
MapHeaderSize: 34
MapVersion: 8
MapPad: 1, 0, 9
UsedID Lo, Hi: 5227, 0
MapSize: 96x128
Boolean: 1
Version: 3
CellsOffset: 68812
AfterCellsOffset: 331585
UnknownDataSize: 42249
Reading navigation data...
NumNavSections: 2
 [0] Name: NULL
SectionOffset[0] = 373889
Section FileSize: 411189
Section Version: 8
Section Size: 96x128
Section NumLevels: 3
NumInteractives: 3
NumSubsets: 1
NumNavNodes: 971
SectionDataSize[0] = 37296
 [1] Name: Q_NewOakValeIntro_PreAttack
SectionOffset[1] = 411189
Section FileSize: 451313
Section Version: 8
Section Size: 96x128
Section NumLevels: 3
NumInteractives: 3
NumSubsets: 1
NumNavNodes: 1047
SectionDataSize[1] = 40120
